<?xml version='1.0' encoding='UTF-8'?>
<testsuite hostname="Venkatas-MacBook-Pro.local" name="reductions.ReductionsSuite" tests="9" errors="0" failures="0" skipped="0" time="0.425" timestamp="2020-12-24T18:10:58">
                     <properties>
[...]
</properties>
                     <testcase classname="reductions.ReductionsSuite" name="countChange should return 1 when money == 0" time="0.232">
                                                 
                                               </testcase><testcase classname="reductions.ReductionsSuite" name="countChange should work when there is only one coin" time="0.004">
                                                 
                                               </testcase><testcase classname="reductions.ReductionsSuite" name="countChange should return 0 for money &gt; 0 and coins = List()" time="0.004">
                                                 
                                               </testcase><testcase classname="reductions.ReductionsSuite" name="balance should work for empty string" time="0.058">
                                                 
                                               </testcase><testcase classname="reductions.ReductionsSuite" name="countChange should return 0 for money &lt; 0" time="0.004">
                                                 
                                               </testcase><testcase classname="reductions.ReductionsSuite" name="countChange should work for multi-coins" time="0.11">
                                                 
                                               </testcase><testcase classname="reductions.ReductionsSuite" name="lineOfSight should correctly handle an array of size 4" time="0.006">
                                                 
                                               </testcase><testcase classname="reductions.ReductionsSuite" name="balance should work for string of length 1" time="0.003">
                                                 
                                               </testcase><testcase classname="reductions.ReductionsSuite" name="balance should work for string of length 2" time="0.004">
                                                 
                                               </testcase>
                     <system-out><![CDATA[]]></system-out>
                     <system-err><![CDATA[]]></system-err>
                   </testsuite>