<?xml version='1.0' encoding='UTF-8'?>
<testsuite hostname="Venkatas-MacBook-Pro.local" name="barneshut.BarnesHutSuite" tests="9" errors="0" failures="0" skipped="0" time="0.26" timestamp="2020-12-27T19:19:52">
                     <properties>
[...]
</properties>
                     <testcase classname="barneshut.BarnesHutSuite" name="+=' should add a body at (25,47) to the correct bucket of a sector matrix of size 96 (2pts)" time="0.196">
                                                 
                                               </testcase><testcase classname="barneshut.BarnesHutSuite" name="Leaf with 1 body" time="0.027">
                                                 
                                               </testcase><testcase classname="barneshut.BarnesHutSuite" name="Empty: total should be 0" time="0.003">
                                                 
                                               </testcase><testcase classname="barneshut.BarnesHutSuite" name="updated should take bodies in a Leaf into account (2pts)" time="0.005">
                                                 
                                               </testcase><testcase classname="barneshut.BarnesHutSuite" name="Empty: mass should be 0" time="0.003">
                                                 
                                               </testcase><testcase classname="barneshut.BarnesHutSuite" name="updated should do nothing for Empty quad trees" time="0.002">
                                                 
                                               </testcase><testcase classname="barneshut.BarnesHutSuite" name="Fork with 3 empty quadrants and 1 leaf (nw)" time="0.006">
                                                 
                                               </testcase><testcase classname="barneshut.BarnesHutSuite" name="Empty: center of mass should be the center of the cell" time="0.004">
                                                 
                                               </testcase><testcase classname="barneshut.BarnesHutSuite" name="insert(b) should return a Leaf with only that body (2pts)" time="0.014">
                                                 
                                               </testcase>
                     <system-out><![CDATA[]]></system-out>
                     <system-err><![CDATA[]]></system-err>
                   </testsuite>